<?xml version="1.0" encoding="UTF-8"?>
<!-- Generated by org.testng.reporters.JUnitXMLReporter -->
<testsuite ignored="2" hostname="DESKTOP-SBTNFQP" failures="0" tests="1" name="Test rediffPage" time="3.166" errors="0" timestamp="2023-10-07T12:49:49 IST">
  <testcase classname="com.app.TestNG.extentreports.TestClass" name="method3" time="1.51"/>
  <testcase classname="com.app.TestNG.extentreports.TestClass" name="method1" time="0.0">
    <ignored/>
  </testcase> <!-- method1 -->
  <testcase classname="com.app.TestNG.extentreports.TestClass" name="method2" time="0.0">
    <ignored/>
  </testcase> <!-- method2 -->
</testsuite> <!-- Test rediffPage -->
