<?xml version="1.0" encoding="UTF-8"?>
<!-- Generated by org.testng.reporters.JUnitXMLReporter -->
<testsuite ignored="2" hostname="DESKTOP-SBTNFQP" failures="0" tests="1" name="Test facebookpage" time="3.422" errors="0" timestamp="2023-10-07T12:49:46 IST">
  <testcase classname="com.app.TestNG.extentreports.TestClass" name="method2" time="1.542"/>
  <testcase classname="com.app.TestNG.extentreports.TestClass" name="method3" time="0.0">
    <ignored/>
  </testcase> <!-- method3 -->
  <testcase classname="com.app.TestNG.extentreports.TestClass" name="method1" time="0.0">
    <ignored/>
  </testcase> <!-- method1 -->
</testsuite> <!-- Test facebookpage -->
