<?xml version="1.0" encoding="UTF-8"?>
<!-- Generated by org.testng.reporters.JUnitXMLReporter -->
<testsuite ignored="0" hostname="DESKTOP-SBTNFQP" failures="0" tests="9" name="TestCycle1" time="53.582" errors="0" timestamp="2023-10-05T11:54:53 IST">
  <testcase classname="com.app.TestNGScripts.TestAnnotation" name="GetTitle" time="6.145"/>
  <testcase classname="com.app.TestNGScripts.TestAnnotation" name="login" time="6.929"/>
  <testcase classname="com.app.TestNGScripts.TestAnnotation" name="logout" time="9.565"/>
  <testcase classname="com.app.TestNGScripts.BeforeAftermethodAnnoatation" name="GetTitle" time="0.023"/>
  <testcase classname="com.app.TestNGScripts.BeforeAftermethodAnnoatation" name="login" time="3.116"/>
  <testcase classname="com.app.TestNGScripts.BeforeAftermethodAnnoatation" name="logout" time="5.349"/>
  <testcase classname="com.app.TestNGScripts.BeforeAfterClassAnnoation" name="GetTitle" time="0.062"/>
  <testcase classname="com.app.TestNGScripts.BeforeAfterClassAnnoation" name="login" time="3.155"/>
  <testcase classname="com.app.TestNGScripts.BeforeAfterClassAnnoation" name="logout" time="2.299"/>
</testsuite> <!-- TestCycle1 -->
