<?xml version="1.0" encoding="UTF-8"?>
<!-- Generated by org.testng.reporters.JUnitXMLReporter -->
<testsuite ignored="0" hostname="DESKTOP-SBTNFQP" failures="0" tests="4" name="TestCycle1" time="11.929" errors="0" timestamp="2023-10-07T11:03:48 IST">
  <testcase classname="com.app.TestNGScripts.Paralleltest" name="wikiPage2" time="6.602"/>
  <testcase classname="com.app.TestNGScripts.Paralleltest" name="wikiPage" time="7.27"/>
  <testcase classname="com.app.TestNGScripts.Paralleltest" name="ninjaPage" time="4.724"/>
  <testcase classname="com.app.TestNGScripts.Paralleltest" name="ninjaPage2" time="4.584"/>
</testsuite> <!-- TestCycle1 -->
